<?xml version="1.0" encoding="UTF-8"?>
<!-- Generated by org.testng.reporters.JUnitReportReporter -->
<testsuite hostname="DESKTOP-M9C9CS2" failures="0" tests="2" name="TESTNG.testNG_Annotations" time="0.011" errors="0" timestamp="2023-05-19T14:03:05 IST" skipped="0">
  <testcase classname="TESTNG.testNG_Annotations" name="regitest" time="0.003"/>
  <system-out/>
  <testcase classname="TESTNG.testNG_Annotations" name="logintest" time="0.008"/>
  <system-out/>
</testsuite> <!-- TESTNG.testNG_Annotations -->
