<?xml version="1.0" encoding="UTF-8"?>
<!-- Generated by org.testng.reporters.JUnitReportReporter -->
<testsuite hostname="DESKTOP-M9C9CS2" failures="0" tests="1" name="TESTNG.loginTest" time="1.018" errors="0" timestamp="2023-05-23T16:42:01 IST" skipped="0">
  <testcase classname="TESTNG.loginTest" name="login" time="1.018"/>
  <system-out/>
</testsuite> <!-- TESTNG.loginTest -->
