<?xml version="1.0" encoding="UTF-8"?>
<!-- Generated by org.testng.reporters.JUnitReportReporter -->
<testsuite hostname="DESKTOP-M9C9CS2" failures="0" tests="2" name="TESTNG.loginTest" time="59.810" errors="0" timestamp="2023-05-24T11:12:06 IST" skipped="0">
  <testcase classname="TESTNG.loginTest" name="login" time="5.506"/>
  <system-out/>
  <testcase classname="TESTNG.loginTest" name="add_lab" time="54.304"/>
  <system-out/>
</testsuite> <!-- TESTNG.loginTest -->
